{"/Users/rafaeltiburcio/dev/cursos/hotmart/aws-lambda/v2/demo-04-image-analyses/image-analyses/src/factory.js": {"path":"/Users/rafaeltiburcio/dev/cursos/hotmart/aws-lambda/v2/demo-04-image-analyses/image-analyses/src/factory.js","all":false,"statementMap":{"0":{"start":{"line":1,"column":0},"end":{"line":1,"column":30}},"1":{"start":{"line":2,"column":0},"end":{"line":2,"column":36}},"2":{"start":{"line":3,"column":0},"end":{"line":3,"column":0}},"3":{"start":{"line":4,"column":0},"end":{"line":4,"column":37}},"4":{"start":{"line":5,"column":0},"end":{"line":5,"column":41}},"5":{"start":{"line":6,"column":0},"end":{"line":6,"column":0}},"6":{"start":{"line":7,"column":0},"end":{"line":7,"column":29}},"7":{"start":{"line":8,"column":0},"end":{"line":8,"column":12}},"8":{"start":{"line":9,"column":0},"end":{"line":9,"column":17}},"9":{"start":{"line":10,"column":0},"end":{"line":10,"column":2}},"10":{"start":{"line":11,"column":0},"end":{"line":11,"column":0}},"11":{"start":{"line":12,"column":0},"end":{"line":12,"column":43}}},"s":{"0":1,"1":1,"2":1,"3":1,"4":1,"5":1,"6":1,"7":1,"8":1,"9":1,"10":1,"11":1},"branchMap":{},"b":{},"fnMap":{},"f":{}}
,"/Users/rafaeltiburcio/dev/cursos/hotmart/aws-lambda/v2/demo-04-image-analyses/image-analyses/src/handler.js": {"path":"/Users/rafaeltiburcio/dev/cursos/hotmart/aws-lambda/v2/demo-04-image-analyses/image-analyses/src/handler.js","all":false,"statementMap":{"0":{"start":{"line":1,"column":0},"end":{"line":1,"column":32}},"1":{"start":{"line":2,"column":0},"end":{"line":2,"column":15}},"2":{"start":{"line":3,"column":0},"end":{"line":3,"column":17}},"3":{"start":{"line":4,"column":0},"end":{"line":4,"column":16}},"4":{"start":{"line":5,"column":0},"end":{"line":5,"column":21}},"5":{"start":{"line":6,"column":0},"end":{"line":6,"column":8}},"6":{"start":{"line":7,"column":0},"end":{"line":7,"column":30}},"7":{"start":{"line":8,"column":0},"end":{"line":8,"column":42}},"8":{"start":{"line":9,"column":0},"end":{"line":9,"column":5}},"9":{"start":{"line":10,"column":0},"end":{"line":10,"column":0}},"10":{"start":{"line":11,"column":0},"end":{"line":11,"column":36}},"11":{"start":{"line":12,"column":0},"end":{"line":12,"column":46}},"12":{"start":{"line":13,"column":0},"end":{"line":13,"column":39}},"13":{"start":{"line":14,"column":0},"end":{"line":14,"column":10}},"14":{"start":{"line":15,"column":0},"end":{"line":15,"column":59}},"15":{"start":{"line":16,"column":0},"end":{"line":16,"column":21}},"16":{"start":{"line":17,"column":0},"end":{"line":17,"column":5}},"17":{"start":{"line":18,"column":0},"end":{"line":18,"column":0}},"18":{"start":{"line":19,"column":0},"end":{"line":19,"column":37}},"19":{"start":{"line":20,"column":0},"end":{"line":20,"column":56}},"20":{"start":{"line":21,"column":0},"end":{"line":21,"column":20}},"21":{"start":{"line":22,"column":0},"end":{"line":22,"column":29}},"22":{"start":{"line":23,"column":0},"end":{"line":23,"column":13}},"23":{"start":{"line":24,"column":0},"end":{"line":24,"column":20}},"24":{"start":{"line":25,"column":0},"end":{"line":25,"column":42}},"25":{"start":{"line":26,"column":0},"end":{"line":26,"column":22}},"26":{"start":{"line":27,"column":0},"end":{"line":27,"column":26}},"27":{"start":{"line":28,"column":0},"end":{"line":28,"column":34}},"28":{"start":{"line":29,"column":0},"end":{"line":29,"column":34}},"29":{"start":{"line":30,"column":0},"end":{"line":30,"column":19}},"30":{"start":{"line":31,"column":0},"end":{"line":31,"column":20}},"31":{"start":{"line":32,"column":0},"end":{"line":32,"column":23}},"32":{"start":{"line":33,"column":0},"end":{"line":33,"column":26}},"33":{"start":{"line":34,"column":0},"end":{"line":34,"column":16}},"34":{"start":{"line":35,"column":0},"end":{"line":35,"column":18}},"35":{"start":{"line":36,"column":0},"end":{"line":36,"column":24}},"36":{"start":{"line":37,"column":0},"end":{"line":37,"column":9}},"37":{"start":{"line":38,"column":0},"end":{"line":38,"column":5}},"38":{"start":{"line":39,"column":0},"end":{"line":39,"column":0}},"39":{"start":{"line":40,"column":0},"end":{"line":40,"column":31}},"40":{"start":{"line":41,"column":0},"end":{"line":41,"column":24}},"41":{"start":{"line":42,"column":0},"end":{"line":42,"column":37}},"42":{"start":{"line":43,"column":0},"end":{"line":43,"column":37}},"43":{"start":{"line":44,"column":0},"end":{"line":44,"column":22}},"44":{"start":{"line":45,"column":0},"end":{"line":45,"column":9}},"45":{"start":{"line":46,"column":0},"end":{"line":46,"column":59}},"46":{"start":{"line":47,"column":0},"end":{"line":47,"column":34}},"47":{"start":{"line":48,"column":0},"end":{"line":48,"column":22}},"48":{"start":{"line":49,"column":0},"end":{"line":49,"column":42}},"49":{"start":{"line":50,"column":0},"end":{"line":50,"column":5}},"50":{"start":{"line":51,"column":0},"end":{"line":51,"column":0}},"51":{"start":{"line":52,"column":0},"end":{"line":52,"column":44}},"52":{"start":{"line":53,"column":0},"end":{"line":53,"column":28}},"53":{"start":{"line":54,"column":0},"end":{"line":54,"column":40}},"54":{"start":{"line":55,"column":0},"end":{"line":55,"column":53}},"55":{"start":{"line":56,"column":0},"end":{"line":56,"column":65}},"56":{"start":{"line":57,"column":0},"end":{"line":57,"column":0}},"57":{"start":{"line":58,"column":0},"end":{"line":58,"column":27}},"58":{"start":{"line":59,"column":0},"end":{"line":59,"column":78}},"59":{"start":{"line":60,"column":0},"end":{"line":60,"column":13}},"60":{"start":{"line":61,"column":0},"end":{"line":61,"column":9}},"61":{"start":{"line":62,"column":0},"end":{"line":62,"column":35}},"62":{"start":{"line":63,"column":0},"end":{"line":63,"column":5}},"63":{"start":{"line":64,"column":0},"end":{"line":64,"column":0}},"64":{"start":{"line":65,"column":0},"end":{"line":65,"column":23}},"65":{"start":{"line":66,"column":0},"end":{"line":66,"column":13}},"66":{"start":{"line":67,"column":0},"end":{"line":67,"column":60}},"67":{"start":{"line":68,"column":0},"end":{"line":68,"column":0}},"68":{"start":{"line":69,"column":0},"end":{"line":69,"column":28}},"69":{"start":{"line":70,"column":0},"end":{"line":70,"column":24}},"70":{"start":{"line":71,"column":0},"end":{"line":71,"column":36}},"71":{"start":{"line":72,"column":0},"end":{"line":72,"column":52}},"72":{"start":{"line":73,"column":0},"end":{"line":73,"column":17}},"73":{"start":{"line":74,"column":0},"end":{"line":74,"column":13}},"74":{"start":{"line":75,"column":0},"end":{"line":75,"column":92}},"75":{"start":{"line":76,"column":0},"end":{"line":76,"column":62}},"76":{"start":{"line":77,"column":0},"end":{"line":77,"column":86}},"77":{"start":{"line":78,"column":0},"end":{"line":78,"column":80}},"78":{"start":{"line":79,"column":0},"end":{"line":79,"column":96}},"79":{"start":{"line":80,"column":0},"end":{"line":80,"column":57}},"80":{"start":{"line":81,"column":0},"end":{"line":81,"column":73}},"81":{"start":{"line":82,"column":0},"end":{"line":82,"column":85}},"82":{"start":{"line":83,"column":0},"end":{"line":83,"column":20}},"83":{"start":{"line":84,"column":0},"end":{"line":84,"column":32}},"84":{"start":{"line":85,"column":0},"end":{"line":85,"column":56}},"85":{"start":{"line":86,"column":0},"end":{"line":86,"column":13}},"86":{"start":{"line":87,"column":0},"end":{"line":87,"column":23}},"87":{"start":{"line":88,"column":0},"end":{"line":88,"column":30}},"88":{"start":{"line":89,"column":0},"end":{"line":89,"column":20}},"89":{"start":{"line":90,"column":0},"end":{"line":90,"column":32}},"90":{"start":{"line":91,"column":0},"end":{"line":91,"column":45}},"91":{"start":{"line":92,"column":0},"end":{"line":92,"column":13}},"92":{"start":{"line":93,"column":0},"end":{"line":93,"column":9}},"93":{"start":{"line":94,"column":0},"end":{"line":94,"column":0}},"94":{"start":{"line":95,"column":0},"end":{"line":95,"column":5}},"95":{"start":{"line":96,"column":0},"end":{"line":96,"column":1}},"96":{"start":{"line":97,"column":0},"end":{"line":97,"column":0}},"97":{"start":{"line":98,"column":0},"end":{"line":98,"column":24}},"98":{"start":{"line":99,"column":0},"end":{"line":99,"column":0}},"99":{"start":{"line":100,"column":0},"end":{"line":100,"column":0}},"100":{"start":{"line":101,"column":0},"end":{"line":101,"column":0}},"101":{"start":{"line":102,"column":0},"end":{"line":102,"column":0}},"102":{"start":{"line":103,"column":0},"end":{"line":103,"column":0}},"103":{"start":{"line":104,"column":0},"end":{"line":104,"column":0}},"104":{"start":{"line":105,"column":0},"end":{"line":105,"column":37336}}},"s":{"0":1,"1":1,"2":1,"3":1,"4":1,"5":1,"6":1,"7":1,"8":1,"9":1,"10":1,"11":2,"12":2,"13":2,"14":1,"15":1,"16":1,"17":1,"18":1,"19":1,"20":1,"21":1,"22":1,"23":1,"24":1,"25":1,"26":6,"27":1,"28":1,"29":1,"30":6,"31":1,"32":1,"33":1,"34":1,"35":1,"36":1,"37":1,"38":1,"39":1,"40":1,"41":1,"42":1,"43":1,"44":1,"45":1,"46":1,"47":1,"48":1,"49":1,"50":1,"51":1,"52":1,"53":1,"54":6,"55":6,"56":6,"57":6,"58":6,"59":6,"60":6,"61":1,"62":1,"63":1,"64":1,"65":3,"66":3,"67":3,"68":3,"69":1,"70":1,"71":1,"72":1,"73":1,"74":2,"75":2,"76":1,"77":1,"78":1,"79":1,"80":1,"81":1,"82":1,"83":1,"84":1,"85":1,"86":1,"87":1,"88":1,"89":1,"90":1,"91":1,"92":1,"93":3,"94":3,"95":1,"96":1,"97":1,"98":1,"99":1,"100":1,"101":1,"102":1,"103":1,"104":1},"branchMap":{"0":{"type":"branch","line":3,"loc":{"start":{"line":3,"column":4},"end":{"line":9,"column":5}},"locations":[{"start":{"line":3,"column":4},"end":{"line":9,"column":5}}]},"1":{"type":"branch","line":11,"loc":{"start":{"line":11,"column":4},"end":{"line":17,"column":5}},"locations":[{"start":{"line":11,"column":4},"end":{"line":17,"column":5}}]},"2":{"type":"branch","line":15,"loc":{"start":{"line":15,"column":-1},"end":{"line":17,"column":5}},"locations":[{"start":{"line":15,"column":-1},"end":{"line":17,"column":5}}]},"3":{"type":"branch","line":19,"loc":{"start":{"line":19,"column":4},"end":{"line":38,"column":5}},"locations":[{"start":{"line":19,"column":4},"end":{"line":38,"column":5}}]},"4":{"type":"branch","line":26,"loc":{"start":{"line":26,"column":20},"end":{"line":28,"column":33}},"locations":[{"start":{"line":26,"column":20},"end":{"line":28,"column":33}}]},"5":{"type":"branch","line":30,"loc":{"start":{"line":30,"column":17},"end":{"line":32,"column":22}},"locations":[{"start":{"line":30,"column":17},"end":{"line":32,"column":22}}]},"6":{"type":"branch","line":40,"loc":{"start":{"line":40,"column":4},"end":{"line":50,"column":5}},"locations":[{"start":{"line":40,"column":4},"end":{"line":50,"column":5}}]},"7":{"type":"branch","line":52,"loc":{"start":{"line":52,"column":4},"end":{"line":63,"column":5}},"locations":[{"start":{"line":52,"column":4},"end":{"line":63,"column":5}}]},"8":{"type":"branch","line":54,"loc":{"start":{"line":54,"column":39},"end":{"line":61,"column":9}},"locations":[{"start":{"line":54,"column":39},"end":{"line":61,"column":9}}]},"9":{"type":"branch","line":65,"loc":{"start":{"line":65,"column":4},"end":{"line":95,"column":5}},"locations":[{"start":{"line":65,"column":4},"end":{"line":95,"column":5}}]},"10":{"type":"branch","line":69,"loc":{"start":{"line":69,"column":27},"end":{"line":74,"column":13}},"locations":[{"start":{"line":69,"column":27},"end":{"line":74,"column":13}}]},"11":{"type":"branch","line":74,"loc":{"start":{"line":74,"column":12},"end":{"line":76,"column":62}},"locations":[{"start":{"line":74,"column":12},"end":{"line":76,"column":62}}]},"12":{"type":"branch","line":77,"loc":{"start":{"line":77,"column":-1},"end":{"line":93,"column":9}},"locations":[{"start":{"line":77,"column":-1},"end":{"line":93,"column":9}}]},"13":{"type":"branch","line":105,"loc":{"start":{"line":105,"column":21},"end":{"line":105,"column":36838}},"locations":[{"start":{"line":105,"column":21},"end":{"line":105,"column":36838}}]},"14":{"type":"branch","line":105,"loc":{"start":{"line":105,"column":86},"end":{"line":105,"column":36825}},"locations":[{"start":{"line":105,"column":86},"end":{"line":105,"column":36825}}]},"15":{"type":"branch","line":105,"loc":{"start":{"line":105,"column":36827},"end":{"line":105,"column":36837}},"locations":[{"start":{"line":105,"column":36827},"end":{"line":105,"column":36837}}]},"16":{"type":"branch","line":105,"loc":{"start":{"line":105,"column":36839},"end":{"line":105,"column":36912}},"locations":[{"start":{"line":105,"column":36839},"end":{"line":105,"column":36912}}]},"17":{"type":"branch","line":105,"loc":{"start":{"line":105,"column":36892},"end":{"line":105,"column":36903}},"locations":[{"start":{"line":105,"column":36892},"end":{"line":105,"column":36903}}]}},"b":{"0":[1],"1":[2],"2":[1],"3":[1],"4":[6],"5":[6],"6":[1],"7":[1],"8":[6],"9":[3],"10":[1],"11":[2],"12":[1],"13":[5],"14":[1],"15":[0],"16":[5],"17":[0]},"fnMap":{"0":{"name":"Handler","decl":{"start":{"line":3,"column":4},"end":{"line":9,"column":5}},"loc":{"start":{"line":3,"column":4},"end":{"line":9,"column":5}},"line":3},"1":{"name":"getImageBuffer","decl":{"start":{"line":11,"column":4},"end":{"line":17,"column":5}},"loc":{"start":{"line":11,"column":4},"end":{"line":17,"column":5}},"line":11},"2":{"name":"detectImageLabels","decl":{"start":{"line":19,"column":4},"end":{"line":38,"column":5}},"loc":{"start":{"line":19,"column":4},"end":{"line":38,"column":5}},"line":19},"3":{"name":"translateText","decl":{"start":{"line":40,"column":4},"end":{"line":50,"column":5}},"loc":{"start":{"line":40,"column":4},"end":{"line":50,"column":5}},"line":40},"4":{"name":"formatTextResults","decl":{"start":{"line":52,"column":4},"end":{"line":63,"column":5}},"loc":{"start":{"line":52,"column":4},"end":{"line":63,"column":5}},"line":52},"5":{"name":"main","decl":{"start":{"line":65,"column":4},"end":{"line":95,"column":5}},"loc":{"start":{"line":65,"column":4},"end":{"line":95,"column":5}},"line":65},"6":{"name":"oo_cm","decl":{"start":{"line":105,"column":21},"end":{"line":105,"column":36838}},"loc":{"start":{"line":105,"column":21},"end":{"line":105,"column":36838}},"line":105},"7":{"name":"oo_oo","decl":{"start":{"line":105,"column":36839},"end":{"line":105,"column":36912}},"loc":{"start":{"line":105,"column":36839},"end":{"line":105,"column":36912}},"line":105},"8":{"name":"oo_tr","decl":{"start":{"line":105,"column":36913},"end":{"line":105,"column":36988}},"loc":{"start":{"line":105,"column":36913},"end":{"line":105,"column":36988}},"line":105},"9":{"name":"oo_ts","decl":{"start":{"line":105,"column":36989},"end":{"line":105,"column":37044}},"loc":{"start":{"line":105,"column":36989},"end":{"line":105,"column":37044}},"line":105},"10":{"name":"oo_te","decl":{"start":{"line":105,"column":37045},"end":{"line":105,"column":37103}},"loc":{"start":{"line":105,"column":37045},"end":{"line":105,"column":37103}},"line":105}},"f":{"0":1,"1":2,"2":1,"3":1,"4":1,"5":3,"6":5,"7":5,"8":0,"9":0,"10":0}}
,"/Users/rafaeltiburcio/dev/cursos/hotmart/aws-lambda/v2/demo-04-image-analyses/image-analyses/src/index.js": {"path":"/Users/rafaeltiburcio/dev/cursos/hotmart/aws-lambda/v2/demo-04-image-analyses/image-analyses/src/index.js","all":false,"statementMap":{"0":{"start":{"line":1,"column":0},"end":{"line":1,"column":33}},"1":{"start":{"line":2,"column":0},"end":{"line":2,"column":25}}},"s":{"0":1,"1":1},"branchMap":{},"b":{},"fnMap":{},"f":{}}
}
