TN:
SF:src/factory.js
FNF:0
FNH:0
DA:1,1
DA:2,1
DA:3,1
DA:4,1
DA:5,1
DA:6,1
DA:7,1
DA:8,1
DA:9,1
DA:10,1
DA:11,1
DA:12,1
LF:12
LH:12
BRF:0
BRH:0
end_of_record
TN:
SF:src/handler.js
FN:3,Handler
FN:11,getImageBuffer
FN:19,detectImageLabels
FN:40,translateText
FN:52,formatTextResults
FN:65,main
FN:105,oo_cm
FN:105,oo_oo
FN:105,oo_tr
FN:105,oo_ts
FN:105,oo_te
FNF:11
FNH:8
FNDA:1,Handler
FNDA:2,getImageBuffer
FNDA:1,detectImageLabels
FNDA:1,translateText
FNDA:1,formatTextResults
FNDA:3,main
FNDA:5,oo_cm
FNDA:5,oo_oo
FNDA:0,oo_tr
FNDA:0,oo_ts
FNDA:0,oo_te
DA:1,1
DA:2,1
DA:3,1
DA:4,1
DA:5,1
DA:6,1
DA:7,1
DA:8,1
DA:9,1
DA:10,1
DA:11,1
DA:12,2
DA:13,2
DA:14,2
DA:15,1
DA:16,1
DA:17,1
DA:18,1
DA:19,1
DA:20,1
DA:21,1
DA:22,1
DA:23,1
DA:24,1
DA:25,1
DA:26,1
DA:27,6
DA:28,1
DA:29,1
DA:30,1
DA:31,6
DA:32,1
DA:33,1
DA:34,1
DA:35,1
DA:36,1
DA:37,1
DA:38,1
DA:39,1
DA:40,1
DA:41,1
DA:42,1
DA:43,1
DA:44,1
DA:45,1
DA:46,1
DA:47,1
DA:48,1
DA:49,1
DA:50,1
DA:51,1
DA:52,1
DA:53,1
DA:54,1
DA:55,6
DA:56,6
DA:57,6
DA:58,6
DA:59,6
DA:60,6
DA:61,6
DA:62,1
DA:63,1
DA:64,1
DA:65,1
DA:66,3
DA:67,3
DA:68,3
DA:69,3
DA:70,1
DA:71,1
DA:72,1
DA:73,1
DA:74,1
DA:75,2
DA:76,2
DA:77,1
DA:78,1
DA:79,1
DA:80,1
DA:81,1
DA:82,1
DA:83,1
DA:84,1
DA:85,1
DA:86,1
DA:87,1
DA:88,1
DA:89,1
DA:90,1
DA:91,1
DA:92,1
DA:93,1
DA:94,3
DA:95,3
DA:96,1
DA:97,1
DA:98,1
DA:99,1
DA:100,1
DA:101,1
DA:102,1
DA:103,1
DA:104,1
DA:105,1
LF:105
LH:105
BRDA:3,0,0,1
BRDA:11,1,0,2
BRDA:15,2,0,1
BRDA:19,3,0,1
BRDA:26,4,0,6
BRDA:30,5,0,6
BRDA:40,6,0,1
BRDA:52,7,0,1
BRDA:54,8,0,6
BRDA:65,9,0,3
BRDA:69,10,0,1
BRDA:74,11,0,2
BRDA:77,12,0,1
BRDA:105,13,0,5
BRDA:105,14,0,1
BRDA:105,15,0,0
BRDA:105,16,0,5
BRDA:105,17,0,0
BRF:18
BRH:16
end_of_record
TN:
SF:src/index.js
FNF:0
FNH:0
DA:1,1
DA:2,1
LF:2
LH:2
BRF:0
BRH:0
end_of_record
